f:\program\amdlt1\amdlt\debug\vc140.pdb
f:\program\amdlt1\amdlt\debug\vc140.idb
f:\program\amdlt1\amdlt\debug\apap_processor.obj
f:\program\amdlt1\amdlt\debug\gridbox.obj
f:\program\amdlt1\amdlt\debug\homography.obj
f:\program\amdlt1\amdlt\debug\main.obj
f:\program\amdlt1\amdlt\debug\mathutils.obj
f:\program\amdlt1\amdlt\debug\mbs.obj
f:\program\amdlt1\amdlt\debug\ransac_processor.obj
f:\program\amdlt1\amdlt\debug\sift_matcher.obj
f:\program\amdlt1\amdlt\debug\stdafx.obj
f:\program\amdlt1\debug\amdlt.ilk
f:\program\amdlt1\debug\amdlt.exe
f:\program\amdlt1\debug\amdlt.pdb
f:\program\amdlt1\amdlt\debug\amdlt.tlog\cl.command.1.tlog
f:\program\amdlt1\amdlt\debug\amdlt.tlog\cl.read.1.tlog
f:\program\amdlt1\amdlt\debug\amdlt.tlog\cl.write.1.tlog
f:\program\amdlt1\amdlt\debug\amdlt.tlog\link.command.1.tlog
f:\program\amdlt1\amdlt\debug\amdlt.tlog\link.read.1.tlog
f:\program\amdlt1\amdlt\debug\amdlt.tlog\link.write.1.tlog
